Arguments: 
  C:\Program Files\nodejs\node.exe C:\Users\tomix\AppData\Roaming\npm\node_modules\yarn\bin\yarn.js init

PATH: 
  C:\Python27\;C:\Python27\Scripts;C:\Program Files (x86)\Razer Chroma SDK\bin;C:\Program Files\Razer Chroma SDK\bin;C:\Windows\system32;C:\Windows;C:\Windows\System32\Wbem;C:\Windows\System32\WindowsPowerShell\v1.0\;C:\Windows\System32\OpenSSH\;C:\Program Files\NVIDIA Corporation\NVIDIA NvDLISR;C:\Program Files (x86)\NVIDIA Corporation\PhysX\Common;C:\Users\tomix\AppData\Local\Microsoft\WindowsApps;C:\Program Files\dotnet\;C:\Program Files\CMake\bin;C:\Program Files\nodejs\;C:\Program Files\Polyspace\R2020a\runtime\win64;C:\Program Files\Polyspace\R2020a\bin;C:\Program Files\Polyspace\R2020a\polyspace\bin;C:\Program Files\Git\cmd;C:\ProgramData\chocolatey\bin;C:\Program Files\Java\jdk1.8.0_211\bin;C:\Users\tomix\AppData\Local\Programs\Python\Python38-32\Scripts\;C:\Users\tomix\AppData\Local\Programs\Python\Python38-32\;C:\Users\tomix\AppData\Local\Microsoft\WindowsApps;C:\Users\tomix\AppData\Local\Programs\Microsoft VS Code\bin;C:\Users\tomix\AppData\Local\hyper\app-3.0.2\resources\bin;C:\Users\tomix\AppData\Roaming\npm;C:\Users\tomix\AppData\Local\Android\Sdk\platform-tools;

Yarn version: 
  1.22.4

Node version: 
  14.5.0

Platform: 
  win32 x64

Trace: 
  Error: canceled
      at Interface.<anonymous> (C:\Users\tomix\AppData\Roaming\npm\node_modules\yarn\lib\cli.js:137008:13)
      at Interface.emit (events.js:314:20)
      at Interface._ttyWrite (readline.js:875:16)
      at ReadStream.onkeypress (readline.js:213:10)
      at ReadStream.emit (events.js:314:20)
      at emitKeys (internal/readline/utils.js:335:14)
      at emitKeys.next (<anonymous>)
      at ReadStream.onData (readline.js:1144:36)
      at ReadStream.emit (events.js:314:20)
      at addChunk (_stream_readable.js:304:12)

npm manifest: 
  No manifest

yarn manifest: 
  No manifest

Lockfile: 
  No lockfile
